139.210999966, 965
142.924000025, 964
148.228000164, 963
153.149000168, 962
159.374000072, 961
166.284000158, 960
172.446000099, 959
180.535000086, 958
188.815000057, 957
197.728000164, 956
207.805000067, 955
217.458000183, 954
228.867000103, 953
241.08100009, 952
253.110000134, 951
265.779999971, 950
280.601000071, 949
294.210000038, 948
310.50999999, 947
327.394000053, 946
345.652000189, 945
362.42200017, 944
381.989000082, 943
403.042999983, 942
426.388000011, 941
449.873000145, 940
476.919000149, 939
508.656000137, 938
541.067000151, 937
577.896000147, 936
