0.97, 2276
1.22, 2275
1.47, 2274
14.94, 2273
15.20, 2272
15.45, 2271
15.75, 2270
16.05, 2269
16.33, 2268
19.09, 2267
27.13, 2266
27.39, 2265
27.72, 2264
30.85, 2263
31.10, 2262
49.90, 2261
50.15, 2260
50.41, 2259
50.66, 2258
52.77, 2257
63.00, 2256
63.26, 2255
63.51, 2254
63.78, 2253
64.03, 2252
77.27, 2251
92.03, 2250
92.28, 2249
92.54, 2248
108.70, 2247
112.20, 2246
128.87, 2245
137.63, 2244
137.88, 2243
156.73, 2242
162.51, 2241
162.76, 2240
163.02, 2239
179.95, 2238
180.21, 2237
188.64, 2236
198.36, 2235
209.60, 2234
209.85, 2233
255.08, 2232
255.33, 2231
255.60, 2230
270.40, 2229
315.51, 2228
315.77, 2227
365.59, 2226
365.85, 2225
412.45, 2224
412.70, 2223
412.95, 2222
413.21, 2221
466.16, 2220
531.26, 2219
542.79, 2218
543.05, 2217
563.00, 2216
633.93, 2215
634.20, 2214
639.68, 2213
789.52, 2212
797.08, 2211
820.53, 2210
