15.46, 7209
18.44, 7208
21.43, 7207
24.51, 7206
27.67, 7205
30.86, 7204
34.17, 7203
37.50, 7202
40.72, 7201
44.17, 7200
47.50, 7199
50.69, 7198
53.91, 7197
57.11, 7196
60.30, 7195
63.51, 7194
66.73, 7193
69.99, 7192
73.20, 7191
76.56, 7190
79.98, 7189
83.17, 7188
86.39, 7187
89.65, 7186
92.85, 7185
96.06, 7184
99.26, 7183
102.56, 7182
105.74, 7181
109.02, 7180
112.52, 7179
115.73, 7178
118.94, 7177
122.14, 7176
125.36, 7175
128.58, 7174
131.85, 7173
135.03, 7172
138.23, 7171
141.44, 7170
144.96, 7169
148.19, 7168
151.47, 7167
154.68, 7166
157.90, 7165
161.14, 7164
164.35, 7163
167.55, 7162
170.75, 7161
174.04, 7160
177.41, 7159
180.78, 7158
183.99, 7157
187.22, 7156
190.44, 7155
193.71, 7154
196.92, 7153
200.15, 7152
203.36, 7151
206.58, 7150
209.80, 7149
213.38, 7148
216.67, 7147
219.90, 7146
223.14, 7145
226.39, 7144
229.78, 7143
233.53, 7142
237.42, 7141
241.81, 7140
246.76, 7139
251.51, 7138
256.24, 7137
260.57, 7136
264.15, 7135
268.10, 7134
272.65, 7133
277.05, 7132
281.16, 7131
284.94, 7130
288.80, 7129
292.59, 7128
296.30, 7127
300.15, 7126
303.87, 7125
307.59, 7124
311.40, 7123
315.22, 7122
319.06, 7121
322.79, 7120
326.52, 7119
330.33, 7118
334.04, 7117
337.82, 7116
341.62, 7115
345.39, 7114
349.01, 7113
352.70, 7112
356.43, 7111
360.13, 7110
363.92, 7109
367.73, 7108
371.52, 7107
375.26, 7106
379.18, 7105
382.97, 7104
386.73, 7103
390.44, 7102
394.17, 7101
397.87, 7100
401.69, 7099
405.57, 7098
409.43, 7097
413.27, 7096
417.07, 7095
420.76, 7094
424.50, 7093
428.28, 7092
432.00, 7091
435.89, 7090
439.59, 7089
443.60, 7088
447.30, 7087
451.16, 7086
454.97, 7085
458.69, 7084
462.42, 7083
466.17, 7082
469.92, 7081
473.61, 7080
477.53, 7079
481.43, 7078
485.31, 7077
489.21, 7076
492.92, 7075
496.76, 7074
500.48, 7073
504.51, 7072
508.98, 7071
512.94, 7070
516.95, 7069
521.08, 7068
525.11, 7067
529.45, 7066
533.64, 7065
537.63, 7064
541.22, 7063
544.71, 7062
548.13, 7061
552.11, 7060
556.19, 7059
560.38, 7058
564.65, 7057
570.10, 7056
574.28, 7055
578.24, 7054
582.25, 7053
586.21, 7052
590.10, 7051
594.13, 7050
598.07, 7049
