163.53, 4868
170.43, 4867
177.18, 4866
184.46, 4865
193.61, 4864
202.50, 4863
211.83, 4862
219.49, 4861
227.52, 4860
266.63, 4859
275.16, 4858
283.45, 4857
291.53, 4856
299.71, 4855
307.93, 4854
315.72, 4853
323.24, 4852
330.67, 4851
338.13, 4850
346.12, 4849
353.89, 4848
392.16, 4847
399.68, 4846
407.36, 4845
415.00, 4844
422.58, 4843
430.19, 4842
437.77, 4841
445.41, 4840
453.35, 4839
461.14, 4838
469.03, 4837
476.81, 4836
529.11, 4835
536.67, 4834
543.52, 4833
550.86, 4832
558.33, 4831
566.73, 4830
574.93, 4829
582.64, 4828
600.22, 4827
607.59, 4826
614.77, 4825
669.41, 4824
676.86, 4823
683.94, 4822
690.65, 4821
698.90, 4820
706.37, 4819
713.83, 4818
721.14, 4817
728.41, 4816
735.72, 4815
742.73, 4814
749.88, 4813
756.81, 4812
763.81, 4811
771.07, 4810
778.50, 4809
786.09, 4808
793.25, 4807
800.29, 4806
839.59, 4805
846.70, 4804
853.73, 4803
860.59, 4802
867.83, 4801
874.92, 4800
881.97, 4799
890.00, 4798
897.12, 4797
903.95, 4796
911.05, 4795
918.66, 4794
926.07, 4793
933.44, 4792
943.02, 4791
958.58, 4790
965.83, 4789
972.88, 4788
979.74, 4787
